<?xml version="1.0" encoding="UTF-8"?>
<!-- Generated by org.testng.reporters.JUnitReportReporter -->
<testsuite skipped="0" hostname="DESKTOP-6VNBHPC" name="Runner.SavaariApp" tests="10" failures="0" timestamp="2022-01-18T12:25:44 IST" time="635.763" errors="0">
  <testcase name="Title_validating" time="34.832" classname="Runner.SavaariApp"/>
  <system-out/>
  <testcase name="Contact_us" time="62.468" classname="Runner.SavaariApp"/>
  <system-out/>
  <testcase name="Downloadapp" time="81.663" classname="Runner.SavaariApp"/>
  <system-out/>
  <testcase name="Car_selecting" time="54.257" classname="Runner.SavaariApp"/>
  <system-out/>
  <testcase name="Cab_book" time="43.549" classname="Runner.SavaariApp"/>
  <system-out/>
  <testcase name="Signup" time="51.224" classname="Runner.SavaariApp"/>
  <system-out/>
  <testcase name="Car_one_way" time="56.006" classname="Runner.SavaariApp"/>
  <system-out/>
  <testcase name="Roundtrip" time="86.948" classname="Runner.SavaariApp"/>
  <system-out/>
  <testcase name="Local_car" time="83.703" classname="Runner.SavaariApp"/>
  <system-out/>
  <testcase name="Airport" time="81.113" classname="Runner.SavaariApp"/>
  <system-out/>
</testsuite> <!-- Runner.SavaariApp -->
