<?xml version="1.0" encoding="UTF-8"?>
<testsuite xmlns:xsi="http://www.w3.org/2001/XMLSchema-instance" xsi:noNamespaceSchemaLocation="https://maven.apache.org/surefire/maven-surefire-plugin/xsd/surefire-test-report-3.0.xsd" version="3.0" name="TestSuite" time="642.056" tests="10" errors="0" skipped="0" failures="0">
  <properties>
    <property name="sun.desktop" value="windows"/>
    <property name="awt.toolkit" value="sun.awt.windows.WToolkit"/>
    <property name="file.encoding.pkg" value="sun.io"/>
    <property name="java.specification.version" value="1.8"/>
    <property name="webdriver.chrome.driver" value="./driver/chromedriver.exe"/>
    <property name="sun.cpu.isalist" value="amd64"/>
    <property name="sun.jnu.encoding" value="Cp1252"/>
    <property name="java.class.path" value="C:\Users\SuperITCom\eclipse-workspace\Savaari\target\test-classes;C:\Users\SuperITCom\eclipse-workspace\Savaari\target\classes;C:\Users\SuperITCom\.m2\repository\org\apache\poi\poi-ooxml\5.0.0\poi-ooxml-5.0.0.jar;C:\Users\SuperITCom\.m2\repository\org\apache\poi\poi-ooxml-lite\5.0.0\poi-ooxml-lite-5.0.0.jar;C:\Users\SuperITCom\.m2\repository\org\apache\xmlbeans\xmlbeans\4.0.0\xmlbeans-4.0.0.jar;C:\Users\SuperITCom\.m2\repository\xml-apis\xml-apis\1.4.01\xml-apis-1.4.01.jar;C:\Users\SuperITCom\.m2\repository\org\apache\commons\commons-compress\1.20\commons-compress-1.20.jar;C:\Users\SuperITCom\.m2\repository\com\github\virtuald\curvesapi\1.06\curvesapi-1.06.jar;C:\Users\SuperITCom\.m2\repository\org\bouncycastle\bcpkix-jdk15on\1.68\bcpkix-jdk15on-1.68.jar;C:\Users\SuperITCom\.m2\repository\org\bouncycastle\bcprov-jdk15on\1.68\bcprov-jdk15on-1.68.jar;C:\Users\SuperITCom\.m2\repository\org\apache\santuario\xmlsec\2.2.1\xmlsec-2.2.1.jar;C:\Users\SuperITCom\.m2\repository\com\fasterxml\woodstox\woodstox-core\5.2.1\woodstox-core-5.2.1.jar;C:\Users\SuperITCom\.m2\repository\org\codehaus\woodstox\stax2-api\4.2\stax2-api-4.2.jar;C:\Users\SuperITCom\.m2\repository\org\apache\xmlgraphics\batik-all\1.13\batik-all-1.13.jar;C:\Users\SuperITCom\.m2\repository\org\apache\xmlgraphics\batik-anim\1.13\batik-anim-1.13.jar;C:\Users\SuperITCom\.m2\repository\org\apache\xmlgraphics\batik-shared-resources\1.13\batik-shared-resources-1.13.jar;C:\Users\SuperITCom\.m2\repository\xml-apis\xml-apis-ext\1.3.04\xml-apis-ext-1.3.04.jar;C:\Users\SuperITCom\.m2\repository\org\apache\xmlgraphics\batik-awt-util\1.13\batik-awt-util-1.13.jar;C:\Users\SuperITCom\.m2\repository\org\apache\xmlgraphics\xmlgraphics-commons\2.4\xmlgraphics-commons-2.4.jar;C:\Users\SuperITCom\.m2\repository\org\apache\xmlgraphics\batik-bridge\1.13\batik-bridge-1.13.jar;C:\Users\SuperITCom\.m2\repository\org\apache\xmlgraphics\batik-codec\1.13\batik-codec-1.13.jar;C:\Users\SuperITCom\.m2\repository\org\apache\xmlgraphics\batik-constants\1.13\batik-constants-1.13.jar;C:\Users\SuperITCom\.m2\repository\org\apache\xmlgraphics\batik-css\1.13\batik-css-1.13.jar;C:\Users\SuperITCom\.m2\repository\org\apache\xmlgraphics\batik-dom\1.13\batik-dom-1.13.jar;C:\Users\SuperITCom\.m2\repository\xalan\xalan\2.7.2\xalan-2.7.2.jar;C:\Users\SuperITCom\.m2\repository\xalan\serializer\2.7.2\serializer-2.7.2.jar;C:\Users\SuperITCom\.m2\repository\org\apache\xmlgraphics\batik-ext\1.13\batik-ext-1.13.jar;C:\Users\SuperITCom\.m2\repository\org\apache\xmlgraphics\batik-extension\1.13\batik-extension-1.13.jar;C:\Users\SuperITCom\.m2\repository\org\apache\xmlgraphics\batik-gui-util\1.13\batik-gui-util-1.13.jar;C:\Users\SuperITCom\.m2\repository\org\apache\xmlgraphics\batik-gvt\1.13\batik-gvt-1.13.jar;C:\Users\SuperITCom\.m2\repository\org\apache\xmlgraphics\batik-i18n\1.13\batik-i18n-1.13.jar;C:\Users\SuperITCom\.m2\repository\org\apache\xmlgraphics\batik-parser\1.13\batik-parser-1.13.jar;C:\Users\SuperITCom\.m2\repository\org\apache\xmlgraphics\batik-rasterizer-ext\1.13\batik-rasterizer-ext-1.13.jar;C:\Users\SuperITCom\.m2\repository\org\apache\xmlgraphics\batik-rasterizer\1.13\batik-rasterizer-1.13.jar;C:\Users\SuperITCom\.m2\repository\org\apache\xmlgraphics\batik-script\1.13\batik-script-1.13.jar;C:\Users\SuperITCom\.m2\repository\org\apache\xmlgraphics\batik-slideshow\1.13\batik-slideshow-1.13.jar;C:\Users\SuperITCom\.m2\repository\org\apache\xmlgraphics\batik-squiggle-ext\1.13\batik-squiggle-ext-1.13.jar;C:\Users\SuperITCom\.m2\repository\org\apache\xmlgraphics\batik-squiggle\1.13\batik-squiggle-1.13.jar;C:\Users\SuperITCom\.m2\repository\org\apache\xmlgraphics\batik-svg-dom\1.13\batik-svg-dom-1.13.jar;C:\Users\SuperITCom\.m2\repository\org\apache\xmlgraphics\batik-svgbrowser\1.13\batik-svgbrowser-1.13.jar;C:\Users\SuperITCom\.m2\repository\org\apache\xmlgraphics\batik-svggen\1.13\batik-svggen-1.13.jar;C:\Users\SuperITCom\.m2\repository\org\apache\xmlgraphics\batik-svgpp\1.13\batik-svgpp-1.13.jar;C:\Users\SuperITCom\.m2\repository\org\apache\xmlgraphics\batik-svgrasterizer\1.13\batik-svgrasterizer-1.13.jar;C:\Users\SuperITCom\.m2\repository\org\apache\xmlgraphics\batik-swing\1.13\batik-swing-1.13.jar;C:\Users\SuperITCom\.m2\repository\org\apache\xmlgraphics\batik-transcoder\1.13\batik-transcoder-1.13.jar;C:\Users\SuperITCom\.m2\repository\org\apache\xmlgraphics\batik-util\1.13\batik-util-1.13.jar;C:\Users\SuperITCom\.m2\repository\org\apache\xmlgraphics\batik-ttf2svg\1.13\batik-ttf2svg-1.13.jar;C:\Users\SuperITCom\.m2\repository\org\apache\xmlgraphics\batik-xml\1.13\batik-xml-1.13.jar;C:\Users\SuperITCom\.m2\repository\de\rototor\pdfbox\graphics2d\0.30\graphics2d-0.30.jar;C:\Users\SuperITCom\.m2\repository\org\apache\pdfbox\pdfbox\2.0.22\pdfbox-2.0.22.jar;C:\Users\SuperITCom\.m2\repository\org\apache\pdfbox\fontbox\2.0.22\fontbox-2.0.22.jar;C:\Users\SuperITCom\.m2\repository\org\apache\poi\poi\5.0.0\poi-5.0.0.jar;C:\Users\SuperITCom\.m2\repository\org\slf4j\slf4j-api\1.7.30\slf4j-api-1.7.30.jar;C:\Users\SuperITCom\.m2\repository\org\slf4j\jcl-over-slf4j\1.7.30\jcl-over-slf4j-1.7.30.jar;C:\Users\SuperITCom\.m2\repository\commons-codec\commons-codec\1.15\commons-codec-1.15.jar;C:\Users\SuperITCom\.m2\repository\org\apache\commons\commons-collections4\4.4\commons-collections4-4.4.jar;C:\Users\SuperITCom\.m2\repository\org\apache\commons\commons-math3\3.6.1\commons-math3-3.6.1.jar;C:\Users\SuperITCom\.m2\repository\com\zaxxer\SparseBitSet\1.2\SparseBitSet-1.2.jar;C:\Users\SuperITCom\.m2\repository\commons-io\commons-io\2.6\commons-io-2.6.jar;C:\Users\SuperITCom\.m2\repository\org\testng\testng\7.4.0\testng-7.4.0.jar;C:\Users\SuperITCom\.m2\repository\com\beust\jcommander\1.78\jcommander-1.78.jar;C:\Users\SuperITCom\.m2\repository\org\webjars\jquery\3.5.1\jquery-3.5.1.jar;C:\Users\SuperITCom\.m2\repository\org\seleniumhq\selenium\selenium-java\3.141.59\selenium-java-3.141.59.jar;C:\Users\SuperITCom\.m2\repository\org\seleniumhq\selenium\selenium-api\3.141.59\selenium-api-3.141.59.jar;C:\Users\SuperITCom\.m2\repository\org\seleniumhq\selenium\selenium-chrome-driver\3.141.59\selenium-chrome-driver-3.141.59.jar;C:\Users\SuperITCom\.m2\repository\org\seleniumhq\selenium\selenium-edge-driver\3.141.59\selenium-edge-driver-3.141.59.jar;C:\Users\SuperITCom\.m2\repository\org\seleniumhq\selenium\selenium-firefox-driver\3.141.59\selenium-firefox-driver-3.141.59.jar;C:\Users\SuperITCom\.m2\repository\org\seleniumhq\selenium\selenium-ie-driver\3.141.59\selenium-ie-driver-3.141.59.jar;C:\Users\SuperITCom\.m2\repository\org\seleniumhq\selenium\selenium-opera-driver\3.141.59\selenium-opera-driver-3.141.59.jar;C:\Users\SuperITCom\.m2\repository\org\seleniumhq\selenium\selenium-remote-driver\3.141.59\selenium-remote-driver-3.141.59.jar;C:\Users\SuperITCom\.m2\repository\org\seleniumhq\selenium\selenium-safari-driver\3.141.59\selenium-safari-driver-3.141.59.jar;C:\Users\SuperITCom\.m2\repository\org\seleniumhq\selenium\selenium-support\3.141.59\selenium-support-3.141.59.jar;C:\Users\SuperITCom\.m2\repository\net\bytebuddy\byte-buddy\1.8.15\byte-buddy-1.8.15.jar;C:\Users\SuperITCom\.m2\repository\org\apache\commons\commons-exec\1.3\commons-exec-1.3.jar;C:\Users\SuperITCom\.m2\repository\com\google\guava\guava\25.0-jre\guava-25.0-jre.jar;C:\Users\SuperITCom\.m2\repository\com\google\code\findbugs\jsr305\1.3.9\jsr305-1.3.9.jar;C:\Users\SuperITCom\.m2\repository\org\checkerframework\checker-compat-qual\2.0.0\checker-compat-qual-2.0.0.jar;C:\Users\SuperITCom\.m2\repository\com\google\errorprone\error_prone_annotations\2.1.3\error_prone_annotations-2.1.3.jar;C:\Users\SuperITCom\.m2\repository\com\google\j2objc\j2objc-annotations\1.1\j2objc-annotations-1.1.jar;C:\Users\SuperITCom\.m2\repository\org\codehaus\mojo\animal-sniffer-annotations\1.14\animal-sniffer-annotations-1.14.jar;C:\Users\SuperITCom\.m2\repository\com\squareup\okhttp3\okhttp\3.11.0\okhttp-3.11.0.jar;C:\Users\SuperITCom\.m2\repository\com\squareup\okio\okio\1.14.0\okio-1.14.0.jar;C:\Users\SuperITCom\.m2\repository\com\aventstack\extentreports\5.0.5\extentreports-5.0.5.jar;C:\Users\SuperITCom\.m2\repository\io\reactivex\rxjava3\rxjava\3.0.4\rxjava-3.0.4.jar;C:\Users\SuperITCom\.m2\repository\org\reactivestreams\reactive-streams\1.0.3\reactive-streams-1.0.3.jar;C:\Users\SuperITCom\.m2\repository\org\freemarker\freemarker\2.3.30\freemarker-2.3.30.jar;C:\Users\SuperITCom\.m2\repository\com\google\code\gson\gson\2.8.6\gson-2.8.6.jar;C:\Users\SuperITCom\.m2\repository\com\relevantcodes\extentreports\2.41.2\extentreports-2.41.2.jar;C:\Users\SuperITCom\.m2\repository\org\jsoup\jsoup\1.8.3\jsoup-1.8.3.jar;C:\Users\SuperITCom\.m2\repository\org\xerial\sqlite-jdbc\3.8.11.1\sqlite-jdbc-3.8.11.1.jar;C:\Users\SuperITCom\.m2\repository\org\mongodb\mongodb-driver\3.0.4\mongodb-driver-3.0.4.jar;C:\Users\SuperITCom\.m2\repository\org\mongodb\bson\3.0.4\bson-3.0.4.jar;C:\Users\SuperITCom\.m2\repository\org\mongodb\mongodb-driver-core\3.0.4\mongodb-driver-core-3.0.4.jar;C:\Users\SuperITCom\.m2\repository\org\projectlombok\lombok\1.18.22\lombok-1.18.22.jar;C:\Users\SuperITCom\.m2\repository\log4j\log4j\1.2.17\log4j-1.2.17.jar;C:\Users\SuperITCom\.m2\repository\org\apache\logging\log4j\log4j-api\2.14.1\log4j-api-2.14.1.jar;C:\Users\SuperITCom\.m2\repository\org\apache\logging\log4j\log4j-core\2.14.1\log4j-core-2.14.1.jar;C:\Users\SuperITCom\.m2\repository\junit\junit\3.8.1\junit-3.8.1.jar;"/>
    <property name="java.vm.vendor" value="Oracle Corporation"/>
    <property name="sun.arch.data.model" value="64"/>
    <property name="user.variant" value=""/>
    <property name="java.vendor.url" value="http://java.oracle.com/"/>
    <property name="user.timezone" value="Asia/Calcutta"/>
    <property name="java.vm.specification.version" value="1.8"/>
    <property name="os.name" value="Windows 10"/>
    <property name="user.country" value="IN"/>
    <property name="sun.java.launcher" value="SUN_STANDARD"/>
    <property name="sun.boot.library.path" value="C:\Program Files\Java\jdk1.8.0_202\jre\bin"/>
    <property name="sun.java.command" value="C:\Users\SuperITCom\AppData\Local\Temp\surefire8677018148278276028\surefirebooter4975192290453453077.jar C:\Users\SuperITCom\AppData\Local\Temp\surefire8677018148278276028 2022-01-18T12-14-35_042-jvmRun1 surefire8819607263510827482tmp surefire_02216445188964851824tmp"/>
    <property name="surefire.test.class.path" value="C:\Users\SuperITCom\eclipse-workspace\Savaari\target\test-classes;C:\Users\SuperITCom\eclipse-workspace\Savaari\target\classes;C:\Users\SuperITCom\.m2\repository\org\apache\poi\poi-ooxml\5.0.0\poi-ooxml-5.0.0.jar;C:\Users\SuperITCom\.m2\repository\org\apache\poi\poi-ooxml-lite\5.0.0\poi-ooxml-lite-5.0.0.jar;C:\Users\SuperITCom\.m2\repository\org\apache\xmlbeans\xmlbeans\4.0.0\xmlbeans-4.0.0.jar;C:\Users\SuperITCom\.m2\repository\xml-apis\xml-apis\1.4.01\xml-apis-1.4.01.jar;C:\Users\SuperITCom\.m2\repository\org\apache\commons\commons-compress\1.20\commons-compress-1.20.jar;C:\Users\SuperITCom\.m2\repository\com\github\virtuald\curvesapi\1.06\curvesapi-1.06.jar;C:\Users\SuperITCom\.m2\repository\org\bouncycastle\bcpkix-jdk15on\1.68\bcpkix-jdk15on-1.68.jar;C:\Users\SuperITCom\.m2\repository\org\bouncycastle\bcprov-jdk15on\1.68\bcprov-jdk15on-1.68.jar;C:\Users\SuperITCom\.m2\repository\org\apache\santuario\xmlsec\2.2.1\xmlsec-2.2.1.jar;C:\Users\SuperITCom\.m2\repository\com\fasterxml\woodstox\woodstox-core\5.2.1\woodstox-core-5.2.1.jar;C:\Users\SuperITCom\.m2\repository\org\codehaus\woodstox\stax2-api\4.2\stax2-api-4.2.jar;C:\Users\SuperITCom\.m2\repository\org\apache\xmlgraphics\batik-all\1.13\batik-all-1.13.jar;C:\Users\SuperITCom\.m2\repository\org\apache\xmlgraphics\batik-anim\1.13\batik-anim-1.13.jar;C:\Users\SuperITCom\.m2\repository\org\apache\xmlgraphics\batik-shared-resources\1.13\batik-shared-resources-1.13.jar;C:\Users\SuperITCom\.m2\repository\xml-apis\xml-apis-ext\1.3.04\xml-apis-ext-1.3.04.jar;C:\Users\SuperITCom\.m2\repository\org\apache\xmlgraphics\batik-awt-util\1.13\batik-awt-util-1.13.jar;C:\Users\SuperITCom\.m2\repository\org\apache\xmlgraphics\xmlgraphics-commons\2.4\xmlgraphics-commons-2.4.jar;C:\Users\SuperITCom\.m2\repository\org\apache\xmlgraphics\batik-bridge\1.13\batik-bridge-1.13.jar;C:\Users\SuperITCom\.m2\repository\org\apache\xmlgraphics\batik-codec\1.13\batik-codec-1.13.jar;C:\Users\SuperITCom\.m2\repository\org\apache\xmlgraphics\batik-constants\1.13\batik-constants-1.13.jar;C:\Users\SuperITCom\.m2\repository\org\apache\xmlgraphics\batik-css\1.13\batik-css-1.13.jar;C:\Users\SuperITCom\.m2\repository\org\apache\xmlgraphics\batik-dom\1.13\batik-dom-1.13.jar;C:\Users\SuperITCom\.m2\repository\xalan\xalan\2.7.2\xalan-2.7.2.jar;C:\Users\SuperITCom\.m2\repository\xalan\serializer\2.7.2\serializer-2.7.2.jar;C:\Users\SuperITCom\.m2\repository\org\apache\xmlgraphics\batik-ext\1.13\batik-ext-1.13.jar;C:\Users\SuperITCom\.m2\repository\org\apache\xmlgraphics\batik-extension\1.13\batik-extension-1.13.jar;C:\Users\SuperITCom\.m2\repository\org\apache\xmlgraphics\batik-gui-util\1.13\batik-gui-util-1.13.jar;C:\Users\SuperITCom\.m2\repository\org\apache\xmlgraphics\batik-gvt\1.13\batik-gvt-1.13.jar;C:\Users\SuperITCom\.m2\repository\org\apache\xmlgraphics\batik-i18n\1.13\batik-i18n-1.13.jar;C:\Users\SuperITCom\.m2\repository\org\apache\xmlgraphics\batik-parser\1.13\batik-parser-1.13.jar;C:\Users\SuperITCom\.m2\repository\org\apache\xmlgraphics\batik-rasterizer-ext\1.13\batik-rasterizer-ext-1.13.jar;C:\Users\SuperITCom\.m2\repository\org\apache\xmlgraphics\batik-rasterizer\1.13\batik-rasterizer-1.13.jar;C:\Users\SuperITCom\.m2\repository\org\apache\xmlgraphics\batik-script\1.13\batik-script-1.13.jar;C:\Users\SuperITCom\.m2\repository\org\apache\xmlgraphics\batik-slideshow\1.13\batik-slideshow-1.13.jar;C:\Users\SuperITCom\.m2\repository\org\apache\xmlgraphics\batik-squiggle-ext\1.13\batik-squiggle-ext-1.13.jar;C:\Users\SuperITCom\.m2\repository\org\apache\xmlgraphics\batik-squiggle\1.13\batik-squiggle-1.13.jar;C:\Users\SuperITCom\.m2\repository\org\apache\xmlgraphics\batik-svg-dom\1.13\batik-svg-dom-1.13.jar;C:\Users\SuperITCom\.m2\repository\org\apache\xmlgraphics\batik-svgbrowser\1.13\batik-svgbrowser-1.13.jar;C:\Users\SuperITCom\.m2\repository\org\apache\xmlgraphics\batik-svggen\1.13\batik-svggen-1.13.jar;C:\Users\SuperITCom\.m2\repository\org\apache\xmlgraphics\batik-svgpp\1.13\batik-svgpp-1.13.jar;C:\Users\SuperITCom\.m2\repository\org\apache\xmlgraphics\batik-svgrasterizer\1.13\batik-svgrasterizer-1.13.jar;C:\Users\SuperITCom\.m2\repository\org\apache\xmlgraphics\batik-swing\1.13\batik-swing-1.13.jar;C:\Users\SuperITCom\.m2\repository\org\apache\xmlgraphics\batik-transcoder\1.13\batik-transcoder-1.13.jar;C:\Users\SuperITCom\.m2\repository\org\apache\xmlgraphics\batik-util\1.13\batik-util-1.13.jar;C:\Users\SuperITCom\.m2\repository\org\apache\xmlgraphics\batik-ttf2svg\1.13\batik-ttf2svg-1.13.jar;C:\Users\SuperITCom\.m2\repository\org\apache\xmlgraphics\batik-xml\1.13\batik-xml-1.13.jar;C:\Users\SuperITCom\.m2\repository\de\rototor\pdfbox\graphics2d\0.30\graphics2d-0.30.jar;C:\Users\SuperITCom\.m2\repository\org\apache\pdfbox\pdfbox\2.0.22\pdfbox-2.0.22.jar;C:\Users\SuperITCom\.m2\repository\org\apache\pdfbox\fontbox\2.0.22\fontbox-2.0.22.jar;C:\Users\SuperITCom\.m2\repository\org\apache\poi\poi\5.0.0\poi-5.0.0.jar;C:\Users\SuperITCom\.m2\repository\org\slf4j\slf4j-api\1.7.30\slf4j-api-1.7.30.jar;C:\Users\SuperITCom\.m2\repository\org\slf4j\jcl-over-slf4j\1.7.30\jcl-over-slf4j-1.7.30.jar;C:\Users\SuperITCom\.m2\repository\commons-codec\commons-codec\1.15\commons-codec-1.15.jar;C:\Users\SuperITCom\.m2\repository\org\apache\commons\commons-collections4\4.4\commons-collections4-4.4.jar;C:\Users\SuperITCom\.m2\repository\org\apache\commons\commons-math3\3.6.1\commons-math3-3.6.1.jar;C:\Users\SuperITCom\.m2\repository\com\zaxxer\SparseBitSet\1.2\SparseBitSet-1.2.jar;C:\Users\SuperITCom\.m2\repository\commons-io\commons-io\2.6\commons-io-2.6.jar;C:\Users\SuperITCom\.m2\repository\org\testng\testng\7.4.0\testng-7.4.0.jar;C:\Users\SuperITCom\.m2\repository\com\beust\jcommander\1.78\jcommander-1.78.jar;C:\Users\SuperITCom\.m2\repository\org\webjars\jquery\3.5.1\jquery-3.5.1.jar;C:\Users\SuperITCom\.m2\repository\org\seleniumhq\selenium\selenium-java\3.141.59\selenium-java-3.141.59.jar;C:\Users\SuperITCom\.m2\repository\org\seleniumhq\selenium\selenium-api\3.141.59\selenium-api-3.141.59.jar;C:\Users\SuperITCom\.m2\repository\org\seleniumhq\selenium\selenium-chrome-driver\3.141.59\selenium-chrome-driver-3.141.59.jar;C:\Users\SuperITCom\.m2\repository\org\seleniumhq\selenium\selenium-edge-driver\3.141.59\selenium-edge-driver-3.141.59.jar;C:\Users\SuperITCom\.m2\repository\org\seleniumhq\selenium\selenium-firefox-driver\3.141.59\selenium-firefox-driver-3.141.59.jar;C:\Users\SuperITCom\.m2\repository\org\seleniumhq\selenium\selenium-ie-driver\3.141.59\selenium-ie-driver-3.141.59.jar;C:\Users\SuperITCom\.m2\repository\org\seleniumhq\selenium\selenium-opera-driver\3.141.59\selenium-opera-driver-3.141.59.jar;C:\Users\SuperITCom\.m2\repository\org\seleniumhq\selenium\selenium-remote-driver\3.141.59\selenium-remote-driver-3.141.59.jar;C:\Users\SuperITCom\.m2\repository\org\seleniumhq\selenium\selenium-safari-driver\3.141.59\selenium-safari-driver-3.141.59.jar;C:\Users\SuperITCom\.m2\repository\org\seleniumhq\selenium\selenium-support\3.141.59\selenium-support-3.141.59.jar;C:\Users\SuperITCom\.m2\repository\net\bytebuddy\byte-buddy\1.8.15\byte-buddy-1.8.15.jar;C:\Users\SuperITCom\.m2\repository\org\apache\commons\commons-exec\1.3\commons-exec-1.3.jar;C:\Users\SuperITCom\.m2\repository\com\google\guava\guava\25.0-jre\guava-25.0-jre.jar;C:\Users\SuperITCom\.m2\repository\com\google\code\findbugs\jsr305\1.3.9\jsr305-1.3.9.jar;C:\Users\SuperITCom\.m2\repository\org\checkerframework\checker-compat-qual\2.0.0\checker-compat-qual-2.0.0.jar;C:\Users\SuperITCom\.m2\repository\com\google\errorprone\error_prone_annotations\2.1.3\error_prone_annotations-2.1.3.jar;C:\Users\SuperITCom\.m2\repository\com\google\j2objc\j2objc-annotations\1.1\j2objc-annotations-1.1.jar;C:\Users\SuperITCom\.m2\repository\org\codehaus\mojo\animal-sniffer-annotations\1.14\animal-sniffer-annotations-1.14.jar;C:\Users\SuperITCom\.m2\repository\com\squareup\okhttp3\okhttp\3.11.0\okhttp-3.11.0.jar;C:\Users\SuperITCom\.m2\repository\com\squareup\okio\okio\1.14.0\okio-1.14.0.jar;C:\Users\SuperITCom\.m2\repository\com\aventstack\extentreports\5.0.5\extentreports-5.0.5.jar;C:\Users\SuperITCom\.m2\repository\io\reactivex\rxjava3\rxjava\3.0.4\rxjava-3.0.4.jar;C:\Users\SuperITCom\.m2\repository\org\reactivestreams\reactive-streams\1.0.3\reactive-streams-1.0.3.jar;C:\Users\SuperITCom\.m2\repository\org\freemarker\freemarker\2.3.30\freemarker-2.3.30.jar;C:\Users\SuperITCom\.m2\repository\com\google\code\gson\gson\2.8.6\gson-2.8.6.jar;C:\Users\SuperITCom\.m2\repository\com\relevantcodes\extentreports\2.41.2\extentreports-2.41.2.jar;C:\Users\SuperITCom\.m2\repository\org\jsoup\jsoup\1.8.3\jsoup-1.8.3.jar;C:\Users\SuperITCom\.m2\repository\org\xerial\sqlite-jdbc\3.8.11.1\sqlite-jdbc-3.8.11.1.jar;C:\Users\SuperITCom\.m2\repository\org\mongodb\mongodb-driver\3.0.4\mongodb-driver-3.0.4.jar;C:\Users\SuperITCom\.m2\repository\org\mongodb\bson\3.0.4\bson-3.0.4.jar;C:\Users\SuperITCom\.m2\repository\org\mongodb\mongodb-driver-core\3.0.4\mongodb-driver-core-3.0.4.jar;C:\Users\SuperITCom\.m2\repository\org\projectlombok\lombok\1.18.22\lombok-1.18.22.jar;C:\Users\SuperITCom\.m2\repository\log4j\log4j\1.2.17\log4j-1.2.17.jar;C:\Users\SuperITCom\.m2\repository\org\apache\logging\log4j\log4j-api\2.14.1\log4j-api-2.14.1.jar;C:\Users\SuperITCom\.m2\repository\org\apache\logging\log4j\log4j-core\2.14.1\log4j-core-2.14.1.jar;C:\Users\SuperITCom\.m2\repository\junit\junit\3.8.1\junit-3.8.1.jar;"/>
    <property name="sun.cpu.endian" value="little"/>
    <property name="user.home" value="C:\Users\SuperITCom"/>
    <property name="user.language" value="en"/>
    <property name="java.specification.vendor" value="Oracle Corporation"/>
    <property name="java.home" value="C:\Program Files\Java\jdk1.8.0_202\jre"/>
    <property name="basedir" value="C:\Users\SuperITCom\eclipse-workspace\Savaari"/>
    <property name="file.separator" value="\"/>
    <property name="line.separator" value="&#10;"/>
    <property name="java.vm.specification.vendor" value="Oracle Corporation"/>
    <property name="java.specification.name" value="Java Platform API Specification"/>
    <property name="java.awt.graphicsenv" value="sun.awt.Win32GraphicsEnvironment"/>
    <property name="surefire.real.class.path" value="C:\Users\SuperITCom\AppData\Local\Temp\surefire8677018148278276028\surefirebooter4975192290453453077.jar"/>
    <property name="sun.boot.class.path" value="C:\Program Files\Java\jdk1.8.0_202\jre\lib\resources.jar;C:\Program Files\Java\jdk1.8.0_202\jre\lib\rt.jar;C:\Program Files\Java\jdk1.8.0_202\jre\lib\sunrsasign.jar;C:\Program Files\Java\jdk1.8.0_202\jre\lib\jsse.jar;C:\Program Files\Java\jdk1.8.0_202\jre\lib\jce.jar;C:\Program Files\Java\jdk1.8.0_202\jre\lib\charsets.jar;C:\Program Files\Java\jdk1.8.0_202\jre\lib\jfr.jar;C:\Program Files\Java\jdk1.8.0_202\jre\classes"/>
    <property name="user.script" value=""/>
    <property name="sun.management.compiler" value="HotSpot 64-Bit Tiered Compilers"/>
    <property name="java.runtime.version" value="1.8.0_202-b08"/>
    <property name="java.net.preferIPv4Stack" value="false"/>
    <property name="user.name" value="SuperITCom"/>
    <property name="path.separator" value=";"/>
    <property name="os.version" value="10.0"/>
    <property name="java.endorsed.dirs" value="C:\Program Files\Java\jdk1.8.0_202\jre\lib\endorsed"/>
    <property name="java.runtime.name" value="Java(TM) SE Runtime Environment"/>
    <property name="file.encoding" value="Cp1252"/>
    <property name="java.vm.name" value="Java HotSpot(TM) 64-Bit Server VM"/>
    <property name="localRepository" value="C:\Users\SuperITCom\.m2\repository"/>
    <property name="java.vendor.url.bug" value="http://bugreport.sun.com/bugreport/"/>
    <property name="java.io.tmpdir" value="C:\Users\SUPERI~1\AppData\Local\Temp\"/>
    <property name="java.version" value="1.8.0_202"/>
    <property name="user.dir" value="C:\Users\SuperITCom\eclipse-workspace\Savaari"/>
    <property name="os.arch" value="amd64"/>
    <property name="java.vm.specification.name" value="Java Virtual Machine Specification"/>
    <property name="java.awt.printerjob" value="sun.awt.windows.WPrinterJob"/>
    <property name="sun.os.patch.level" value=""/>
    <property name="java.library.path" value="C:\Program Files\Java\jdk1.8.0_202\jre\bin;C:\WINDOWS\Sun\Java\bin;C:\WINDOWS\system32;C:\WINDOWS;C:/Users/SuperITCom/.p2/pool/plugins/org.eclipse.justj.openjdk.hotspot.jre.full.win32.x86_64_17.0.0.v20211012-1059/jre/bin/server;C:/Users/SuperITCom/.p2/pool/plugins/org.eclipse.justj.openjdk.hotspot.jre.full.win32.x86_64_17.0.0.v20211012-1059/jre/bin;C:\Program Files (x86)\Common Files\Oracle\Java\javapath;C:\WINDOWS\system32;C:\WINDOWS;C:\WINDOWS\System32\Wbem;C:\WINDOWS\System32\WindowsPowerShell\v1.0\;C:\WINDOWS\System32\OpenSSH\;C:\Program Files\nodejs\;C:\Program Files\Git\cmd;C:\Program Files\Notepad++;C:\Program Files\MySQL\MySQL Shell 8.0\bin\;C:\Users\SuperITCom\AppData\Local\Microsoft\WindowsApps;C:\Users\SuperITCom\AppData\Local\Programs\Microsoft VS Code\bin;C:\apache-maven-3.8.4\bin;C:\Users\SuperITCom\AppData\Roaming\npm;C:\Program Files\nodejs;C:\Program Files\nodejs\node_modules\npm\bin;C:\Program Files\Notepad++;;C:\Users\SuperITCom\Desktop;;."/>
    <property name="java.vm.info" value="mixed mode"/>
    <property name="java.vendor" value="Oracle Corporation"/>
    <property name="java.vm.version" value="25.202-b08"/>
    <property name="java.ext.dirs" value="C:\Program Files\Java\jdk1.8.0_202\jre\lib\ext;C:\WINDOWS\Sun\Java\lib\ext"/>
    <property name="sun.io.unicode.encoding" value="UnicodeLittle"/>
    <property name="java.class.version" value="52.0"/>
  </properties>
  <testcase name="Title_validating[public void Runner.SavaariApp.Title_validating(java.lang.reflect.Method) throws java.lang.Exception](1)" classname="Runner.SavaariApp" time="4.013">
    <system-out><![CDATA[Extent Reporting
01-18-2022 12:15:09 SavaariApp.java INFO [main] 53-Chrome Browser opened 
01-18-2022 12:15:35 SavaariApp.java INFO [main] 55-Savaari Url is running 
01-18-2022 12:15:35 SavaariApp.java INFO [main] 75-Test case1 is running 
Book Outstation Cabs, Local & Airport Taxi Service - India's Leading Car Rentals
01-18-2022 12:15:38 SavaariApp.java INFO [main] 88-Title verified successfully 
]]></system-out>
    <system-err><![CDATA[Starting ChromeDriver 96.0.4664.35 (8df3babf8da8faa8aacb78f4848ef66a93b4944b-refs/branch-heads/4664@{#680}) on port 5704
Only local connections are allowed.
Please see https://chromedriver.chromium.org/security-considerations for suggestions on keeping ChromeDriver safe.
ChromeDriver was started successfully.
[1642488307.807][WARNING]: This version of ChromeDriver has not been tested with Chrome version 97.
Jan 18, 2022 12:15:09 PM org.openqa.selenium.remote.ProtocolHandshake createSession
INFO: Detected dialect: W3C
]]></system-err>
  </testcase>
  <testcase name="Contact_us[public void Runner.SavaariApp.Contact_us(java.lang.reflect.Method) throws java.lang.Exception](1)" classname="Runner.SavaariApp" time="31.185">
    <system-out><![CDATA[01-18-2022 12:15:40 SavaariApp.java INFO [main] 62-Chrome Browser closed successfully 
01-18-2022 12:15:43 SavaariApp.java INFO [main] 53-Chrome Browser opened 
01-18-2022 12:16:21 SavaariApp.java INFO [main] 55-Savaari Url is running 
01-18-2022 12:16:26 SavaariApp.java INFO [main] 102-Test case2 is running 
01-18-2022 12:16:31 SavaariApp.java INFO [main] 109-Contact us page opened 
info@savaari.com
01-18-2022 12:16:36 SavaariApp.java INFO [main] 123-Contact details verified successfully 
]]></system-out>
    <system-err><![CDATA[Starting ChromeDriver 96.0.4664.35 (8df3babf8da8faa8aacb78f4848ef66a93b4944b-refs/branch-heads/4664@{#680}) on port 9354
Only local connections are allowed.
Please see https://chromedriver.chromium.org/security-considerations for suggestions on keeping ChromeDriver safe.
ChromeDriver was started successfully.
[1642488342.326][WARNING]: This version of ChromeDriver has not been tested with Chrome version 97.
Jan 18, 2022 12:15:43 PM org.openqa.selenium.remote.ProtocolHandshake createSession
INFO: Detected dialect: W3C
[1642488406.643][SEVERE]: Timed out receiving message from renderer: 10.000
[1642488406.644][WARNING]: screenshot failed, retrying timeout: Timed out receiving message from renderer: 10.000
]]></system-err>
  </testcase>
  <testcase name="Downloadapp[public void Runner.SavaariApp.Downloadapp(java.lang.reflect.Method) throws java.lang.Exception](1)" classname="Runner.SavaariApp" time="51.771">
    <system-out><![CDATA[01-18-2022 12:16:52 SavaariApp.java INFO [main] 62-Chrome Browser closed successfully 
01-18-2022 12:16:57 SavaariApp.java INFO [main] 53-Chrome Browser opened 
01-18-2022 12:17:22 SavaariApp.java INFO [main] 55-Savaari Url is running 
01-18-2022 12:17:22 SavaariApp.java INFO [main] 134-Test case6 is running 
01-18-2022 12:17:28 SavaariApp.java INFO [main] 138-Clicked on the Download App 
01-18-2022 12:17:43 SavaariApp.java INFO [main] 149-Successfully added to wishlist 
]]></system-out>
    <system-err><![CDATA[Starting ChromeDriver 96.0.4664.35 (8df3babf8da8faa8aacb78f4848ef66a93b4944b-refs/branch-heads/4664@{#680}) on port 38664
Only local connections are allowed.
Please see https://chromedriver.chromium.org/security-considerations for suggestions on keeping ChromeDriver safe.
ChromeDriver was started successfully.
[1642488416.070][WARNING]: This version of ChromeDriver has not been tested with Chrome version 97.
Jan 18, 2022 12:16:57 PM org.openqa.selenium.remote.ProtocolHandshake createSession
INFO: Detected dialect: W3C
[1642488473.585][SEVERE]: Timed out receiving message from renderer: 10.000
[1642488473.585][WARNING]: screenshot failed, retrying timeout: Timed out receiving message from renderer: 10.000
[1642488483.588][SEVERE]: Timed out receiving message from renderer: 10.000
[1642488493.619][SEVERE]: Timed out receiving message from renderer: 10.000
[1642488493.619][WARNING]: screenshot failed, retrying timeout: Timed out receiving message from renderer: 10.000
]]></system-err>
  </testcase>
  <testcase name="Car_selecting[public void Runner.SavaariApp.Car_selecting(java.lang.reflect.Method) throws java.lang.Exception](1)" classname="Runner.SavaariApp" time="12.892">
    <system-out><![CDATA[01-18-2022 12:18:14 SavaariApp.java INFO [main] 62-Chrome Browser closed successfully 
01-18-2022 12:18:18 SavaariApp.java INFO [main] 53-Chrome Browser opened 
01-18-2022 12:18:44 SavaariApp.java INFO [main] 55-Savaari Url is running 
01-18-2022 12:18:44 SavaariApp.java INFO [main] 163-Test case4 is running 
01-18-2022 12:18:45 SavaariApp.java INFO [main] 167-Entered from city details 
01-18-2022 12:18:50 SavaariApp.java INFO [main] 171-Entered to city details 
01-18-2022 12:18:56 SavaariApp.java INFO [main] 174-Navigated to car select page successfully 
]]></system-out>
    <system-err><![CDATA[Starting ChromeDriver 96.0.4664.35 (8df3babf8da8faa8aacb78f4848ef66a93b4944b-refs/branch-heads/4664@{#680}) on port 21560
Only local connections are allowed.
Please see https://chromedriver.chromium.org/security-considerations for suggestions on keeping ChromeDriver safe.
ChromeDriver was started successfully.
[1642488497.560][WARNING]: This version of ChromeDriver has not been tested with Chrome version 97.
Jan 18, 2022 12:18:18 PM org.openqa.selenium.remote.ProtocolHandshake createSession
INFO: Detected dialect: W3C
]]></system-err>
  </testcase>
  <testcase name="Cab_book[public void Runner.SavaariApp.Cab_book(java.lang.reflect.Method) throws java.lang.Exception](1)" classname="Runner.SavaariApp" time="13.997">
    <system-out><![CDATA[01-18-2022 12:18:57 SavaariApp.java INFO [main] 62-Chrome Browser closed successfully 
01-18-2022 12:19:00 SavaariApp.java INFO [main] 53-Chrome Browser opened 
01-18-2022 12:19:26 SavaariApp.java INFO [main] 55-Savaari Url is running 
01-18-2022 12:19:26 SavaariApp.java INFO [main] 187-Test case5 is running 
01-18-2022 12:19:31 SavaariApp.java INFO [main] 191-Clicked on Cab book page 
01-18-2022 12:19:36 SavaariApp.java INFO [main] 199-Navigated to the Cab Book page 
01-18-2022 12:19:36 SavaariApp.java INFO [main] 209-Heading verified successfully 
]]></system-out>
    <system-err><![CDATA[Starting ChromeDriver 96.0.4664.35 (8df3babf8da8faa8aacb78f4848ef66a93b4944b-refs/branch-heads/4664@{#680}) on port 38723
Only local connections are allowed.
Please see https://chromedriver.chromium.org/security-considerations for suggestions on keeping ChromeDriver safe.
ChromeDriver was started successfully.
[1642488539.299][WARNING]: This version of ChromeDriver has not been tested with Chrome version 97.
Jan 18, 2022 12:19:00 PM org.openqa.selenium.remote.ProtocolHandshake createSession
INFO: Detected dialect: W3C
]]></system-err>
  </testcase>
  <testcase name="Signup[public void Runner.SavaariApp.Signup(java.lang.reflect.Method) throws java.lang.Exception](1)" classname="Runner.SavaariApp" time="18.533">
    <system-out><![CDATA[01-18-2022 12:19:40 SavaariApp.java INFO [main] 62-Chrome Browser closed successfully 
01-18-2022 12:19:43 SavaariApp.java INFO [main] 53-Chrome Browser opened 
01-18-2022 12:19:59 SavaariApp.java INFO [main] 55-Savaari Url is running 
01-18-2022 12:19:59 SavaariApp.java INFO [main] 221-Test case3 is running 
01-18-2022 12:20:00 SavaariApp.java INFO [main] 224-Signin box opened 
01-18-2022 12:20:05 SavaariApp.java INFO [main] 228-Entered Email and password 
01-18-2022 12:20:10 SavaariApp.java INFO [main] 231-Signed in successfully 
]]></system-out>
    <system-err><![CDATA[Starting ChromeDriver 96.0.4664.35 (8df3babf8da8faa8aacb78f4848ef66a93b4944b-refs/branch-heads/4664@{#680}) on port 30129
Only local connections are allowed.
Please see https://chromedriver.chromium.org/security-considerations for suggestions on keeping ChromeDriver safe.
ChromeDriver was started successfully.
[1642488582.414][WARNING]: This version of ChromeDriver has not been tested with Chrome version 97.
Jan 18, 2022 12:19:43 PM org.openqa.selenium.remote.ProtocolHandshake createSession
INFO: Detected dialect: W3C
]]></system-err>
  </testcase>
  <testcase name="Car_one_way[public void Runner.SavaariApp.Car_one_way(java.lang.reflect.Method) throws java.lang.Exception](1)" classname="Runner.SavaariApp" time="35.954">
    <system-out><![CDATA[01-18-2022 12:20:18 SavaariApp.java INFO [main] 62-Chrome Browser closed successfully 
01-18-2022 12:20:22 SavaariApp.java INFO [main] 53-Chrome Browser opened 
01-18-2022 12:20:51 SavaariApp.java INFO [main] 55-Savaari Url is running 
01-18-2022 12:20:51 SavaariApp.java INFO [main] 244-Test case7 is running 
01-18-2022 12:20:51 SavaariApp.java INFO [main] 246-Entered the From city details 
01-18-2022 12:21:02 SavaariApp.java INFO [main] 253-Entered To city details 
01-18-2022 12:21:03 SavaariApp.java INFO [main] 255-Navigated to car select page 
01-18-2022 12:21:08 SavaariApp.java INFO [main] 258-Selected the First car  
Toyota Etios or Equivalent
01-18-2022 12:21:27 SavaariApp.java INFO [main] 270-Verified the first car successfully 
]]></system-out>
    <system-err><![CDATA[Starting ChromeDriver 96.0.4664.35 (8df3babf8da8faa8aacb78f4848ef66a93b4944b-refs/branch-heads/4664@{#680}) on port 18358
Only local connections are allowed.
Please see https://chromedriver.chromium.org/security-considerations for suggestions on keeping ChromeDriver safe.
ChromeDriver was started successfully.
[1642488620.988][WARNING]: This version of ChromeDriver has not been tested with Chrome version 97.
Jan 18, 2022 12:20:22 PM org.openqa.selenium.remote.ProtocolHandshake createSession
INFO: Detected dialect: W3C
]]></system-err>
  </testcase>
  <testcase name="Roundtrip[public void Runner.SavaariApp.Roundtrip(java.lang.reflect.Method) throws java.lang.Exception](1)" classname="Runner.SavaariApp" time="44.821">
    <system-out><![CDATA[01-18-2022 12:21:27 SavaariApp.java INFO [main] 62-Chrome Browser closed successfully 
01-18-2022 12:21:31 SavaariApp.java INFO [main] 53-Chrome Browser opened 
01-18-2022 12:22:08 SavaariApp.java INFO [main] 55-Savaari Url is running 
01-18-2022 12:22:08 SavaariApp.java INFO [main] 281-Test case8 is running 
01-18-2022 12:22:14 SavaariApp.java INFO [main] 290-Entered the From city details 
01-18-2022 12:22:29 SavaariApp.java INFO [main] 296-Entered The To city details 
01-18-2022 12:22:35 SavaariApp.java INFO [main] 299-Navigated to car select page 
01-18-2022 12:22:40 SavaariApp.java INFO [main] 302-Selected the first car 
₹ 3367
01-18-2022 12:22:44 SavaariApp.java INFO [main] 313-Verified the car price successfully 
]]></system-out>
    <system-err><![CDATA[Starting ChromeDriver 96.0.4664.35 (8df3babf8da8faa8aacb78f4848ef66a93b4944b-refs/branch-heads/4664@{#680}) on port 38751
Only local connections are allowed.
Please see https://chromedriver.chromium.org/security-considerations for suggestions on keeping ChromeDriver safe.
ChromeDriver was started successfully.
[1642488689.666][WARNING]: This version of ChromeDriver has not been tested with Chrome version 97.
Jan 18, 2022 12:21:30 PM org.openqa.selenium.remote.ProtocolHandshake createSession
INFO: Detected dialect: W3C
]]></system-err>
  </testcase>
  <testcase name="Local_car[public void Runner.SavaariApp.Local_car(java.lang.reflect.Method) throws java.lang.Exception](1)" classname="Runner.SavaariApp" time="42.354">
    <system-out><![CDATA[01-18-2022 12:22:53 SavaariApp.java INFO [main] 62-Chrome Browser closed successfully 
01-18-2022 12:22:57 SavaariApp.java INFO [main] 53-Chrome Browser opened 
01-18-2022 12:23:23 SavaariApp.java INFO [main] 55-Savaari Url is running 
01-18-2022 12:23:23 SavaariApp.java INFO [main] 323-Test case9 is running 
01-18-2022 12:23:28 SavaariApp.java INFO [main] 331-Selected the city 
01-18-2022 12:23:33 SavaariApp.java INFO [main] 334-Navigated to car select page 
01-18-2022 12:23:40 SavaariApp.java INFO [main] 337-Selected the car 
Toyota Etios or Equivalent
01-18-2022 12:23:57 SavaariApp.java INFO [main] 349-Verified The car type successfully 
]]></system-out>
    <system-err><![CDATA[Starting ChromeDriver 96.0.4664.35 (8df3babf8da8faa8aacb78f4848ef66a93b4944b-refs/branch-heads/4664@{#680}) on port 16374
Only local connections are allowed.
Please see https://chromedriver.chromium.org/security-considerations for suggestions on keeping ChromeDriver safe.
ChromeDriver was started successfully.
[1642488775.940][WARNING]: This version of ChromeDriver has not been tested with Chrome version 97.
Jan 18, 2022 12:22:56 PM org.openqa.selenium.remote.ProtocolHandshake createSession
INFO: Detected dialect: W3C
]]></system-err>
  </testcase>
  <testcase name="Airport[public void Runner.SavaariApp.Airport(java.lang.reflect.Method) throws java.lang.Exception](1)" classname="Runner.SavaariApp" time="52.266">
    <system-out><![CDATA[01-18-2022 12:24:05 SavaariApp.java INFO [main] 62-Chrome Browser closed successfully 
01-18-2022 12:24:10 SavaariApp.java INFO [main] 53-Chrome Browser opened 
01-18-2022 12:24:47 SavaariApp.java INFO [main] 55-Savaari Url is running 
01-18-2022 12:24:47 SavaariApp.java INFO [main] 362-Test case10 is running 
01-18-2022 12:24:47 SavaariApp.java INFO [main] 367-Selected the Airport 
01-18-2022 12:25:03 SavaariApp.java INFO [main] 374-Entered the city details 
01-18-2022 12:25:04 SavaariApp.java INFO [main] 381-Selected the Trip Type  
01-18-2022 12:25:14 SavaariApp.java INFO [main] 387-Entered the Location 
01-18-2022 12:25:20 SavaariApp.java INFO [main] 391-Navigated to car select page 
01-18-2022 12:25:26 SavaariApp.java INFO [main] 394-Selected the car 
₹ 931
01-18-2022 12:25:39 SavaariApp.java INFO [main] 406-verified the car price successfully 
]]></system-out>
    <system-err><![CDATA[Starting ChromeDriver 96.0.4664.35 (8df3babf8da8faa8aacb78f4848ef66a93b4944b-refs/branch-heads/4664@{#680}) on port 12641
Only local connections are allowed.
Please see https://chromedriver.chromium.org/security-considerations for suggestions on keeping ChromeDriver safe.
ChromeDriver was started successfully.
[1642488849.064][WARNING]: This version of ChromeDriver has not been tested with Chrome version 97.
Jan 18, 2022 12:24:09 PM org.openqa.selenium.remote.ProtocolHandshake createSession
INFO: Detected dialect: W3C
]]></system-err>
  </testcase>
</testsuite>